<?xml version="1.0" encoding="UTF-8"?>
<!-- Generated by org.testng.reporters.JUnitReportReporter -->
<testsuite hostname="HomeDesktop2022" failures="0" tests="4" name="com.testNGAnnotation.ParallalTesting" time="10.860" errors="0" timestamp="30 Apr 2023 20:35:42 GMT" skipped="0">
  <testcase classname="com.testNGAnnotation.ParallalTesting" name="getOpenBrowserNode2" time="2.719"/>
  <testcase classname="com.testNGAnnotation.ParallalTesting" name="getOpenBrowserNode3" time="2.706"/>
  <testcase classname="com.testNGAnnotation.ParallalTesting" name="getOpenBrowserNode4" time="2.710"/>
  <testcase classname="com.testNGAnnotation.ParallalTesting" name="getOpenBrowserNode1" time="2.725"/>
</testsuite> <!-- com.testNGAnnotation.ParallalTesting -->
