<?xml version="1.0" encoding="UTF-8"?>
<!-- Generated by org.testng.reporters.JUnitReportReporter -->
<testsuite hostname="HomeDesktop2022" failures="0" tests="5" name="com.testNGAnnotation.PriorityTest" time="0.006" errors="0" timestamp="30 Apr 2023 20:23:42 GMT" skipped="0">
  <testcase classname="com.testNGAnnotation.PriorityTest" name="getmethod1" time="0.005"/>
  <testcase classname="com.testNGAnnotation.PriorityTest" name="getmethod4" time="0.001"/>
  <testcase classname="com.testNGAnnotation.PriorityTest" name="getmethod3" time="0.000"/>
  <testcase classname="com.testNGAnnotation.PriorityTest" name="getmethod2" time="0.000"/>
  <testcase classname="com.testNGAnnotation.PriorityTest" name="getmethod5" time="0.000"/>
</testsuite> <!-- com.testNGAnnotation.PriorityTest -->
