<?xml version="1.0" encoding="UTF-8"?>
<!-- Generated by org.testng.reporters.JUnitReportReporter -->
<testsuite hostname="HomeDesktop2022" failures="0" tests="4" name="com.testNGAnnotation.EnableEqualeTrue_False" time="0.005" errors="0" timestamp="30 Apr 2023 20:22:10 GMT" skipped="3">
  <testcase classname="com.testNGAnnotation.EnableEqualeTrue_False" name="getmethod1" time="0.005"/>
  <testcase classname="com.testNGAnnotation.EnableEqualeTrue_False" name="getmethod3">
    <skipped/>
  </testcase> <!-- getmethod3 -->
  <testcase classname="com.testNGAnnotation.EnableEqualeTrue_False" name="getmethod5">
    <skipped/>
  </testcase> <!-- getmethod5 -->
  <testcase classname="com.testNGAnnotation.EnableEqualeTrue_False" name="getmethod2">
    <skipped/>
  </testcase> <!-- getmethod2 -->
</testsuite> <!-- com.testNGAnnotation.EnableEqualeTrue_False -->
