<?xml version="1.0" encoding="UTF-8"?>
<!-- Generated by org.testng.reporters.JUnitReportReporter -->
<testsuite hostname="HomeDesktop2022" failures="0" tests="3" name="com.testNGAnnotation.DataProviderTest" time="12.235" errors="0" timestamp="30 Apr 2023 21:43:12 GMT" skipped="0">
  <testcase classname="com.testNGAnnotation.DataProviderTest" name="getLogin" time="2.846"/>
  <testcase classname="com.testNGAnnotation.DataProviderTest" name="getLogin" time="6.030"/>
  <testcase classname="com.testNGAnnotation.DataProviderTest" name="getLogin" time="3.359"/>
</testsuite> <!-- com.testNGAnnotation.DataProviderTest -->
