<?xml version="1.0" encoding="UTF-8"?>
<!-- Generated by org.testng.reporters.JUnitReportReporter -->
<testsuite hostname="HomeDesktop2022" failures="0" tests="1" name="luma.usa.myrunnertest.MyRunner" time="12.248" errors="0" timestamp="09 Apr 2023 20:41:26 GMT" skipped="0">
  <testcase classname="luma.usa.myrunnertest.MyRunner" name="runScenario" time="12.248"/>
</testsuite> <!-- luma.usa.myrunnertest.MyRunner -->
