<?xml version="1.0" encoding="UTF-8"?>
<!-- Generated by org.testng.reporters.JUnitReportReporter -->
<testsuite hostname="HomeDesktop2022" failures="0" tests="1" name="com.testNGAnnotation.TestNGDependsON_Method" time="0.008" errors="0" timestamp="30 Apr 2023 20:15:24 GMT" skipped="0">
  <testcase classname="com.testNGAnnotation.TestNGDependsON_Method" name="getmethod1" time="0.008"/>
</testsuite> <!-- com.testNGAnnotation.TestNGDependsON_Method -->
