<?xml version="1.0" encoding="UTF-8"?>
<!-- Generated by org.testng.reporters.JUnitReportReporter -->
<testsuite hostname="HomeDesktop2022" failures="0" tests="1" name="com.testNGAnnotation.TestNgBasicAnnotation" time="0.005" errors="0" timestamp="30 Apr 2023 19:56:48 GMT" skipped="0">
  <testcase classname="com.testNGAnnotation.TestNgBasicAnnotation" name="testCase1" time="0.005"/>
</testsuite> <!-- com.testNGAnnotation.TestNgBasicAnnotation -->
