<?xml version="1.0" encoding="UTF-8"?>
<!-- Generated by org.testng.reporters.JUnitReportReporter -->
<testsuite hostname="HomeDesktop2022" failures="0" tests="2" name="com.testNGAnnotation.AnnotationExecuation" time="0.004" errors="0" timestamp="30 Apr 2023 20:03:19 GMT" skipped="0">
  <testcase classname="com.testNGAnnotation.AnnotationExecuation" name="getTest2" time="0.001"/>
  <testcase classname="com.testNGAnnotation.AnnotationExecuation" name="getTest1" time="0.003"/>
</testsuite> <!-- com.testNGAnnotation.AnnotationExecuation -->
