<?xml version="1.0" encoding="UTF-8"?>
<!-- Generated by org.testng.reporters.JUnitReportReporter -->
<testsuite hostname="HomeDesktop2022" failures="0" tests="10" name="com.testNGAnnotation.InvocationCountTest" time="0.007" errors="0" timestamp="30 Apr 2023 20:17:40 GMT" skipped="0">
  <testcase classname="com.testNGAnnotation.InvocationCountTest" name="gettest" time="0.000"/>
  <testcase classname="com.testNGAnnotation.InvocationCountTest" name="gettest" time="0.000"/>
  <testcase classname="com.testNGAnnotation.InvocationCountTest" name="gettest" time="0.000"/>
  <testcase classname="com.testNGAnnotation.InvocationCountTest" name="gettest" time="0.000"/>
  <testcase classname="com.testNGAnnotation.InvocationCountTest" name="gettest" time="0.000"/>
  <testcase classname="com.testNGAnnotation.InvocationCountTest" name="gettest" time="0.000"/>
  <testcase classname="com.testNGAnnotation.InvocationCountTest" name="gettest" time="0.000"/>
  <testcase classname="com.testNGAnnotation.InvocationCountTest" name="gettest" time="0.001"/>
  <testcase classname="com.testNGAnnotation.InvocationCountTest" name="gettest" time="0.000"/>
  <testcase classname="com.testNGAnnotation.InvocationCountTest" name="gettest" time="0.006"/>
</testsuite> <!-- com.testNGAnnotation.InvocationCountTest -->
