<?xml version="1.0" encoding="UTF-8"?>
<!-- Generated by org.testng.reporters.JUnitReportReporter -->
<testsuite hostname="HomeDesktop2022" failures="0" tests="3" name="com.testNGAnnotation.CrossBrowserTesting" time="2.780" errors="0" timestamp="30 Apr 2023 20:56:58 GMT" skipped="0">
  <testcase classname="com.testNGAnnotation.CrossBrowserTesting" name="getTest" time="0.950"/>
  <testcase classname="com.testNGAnnotation.CrossBrowserTesting" name="getTest" time="0.935"/>
  <testcase classname="com.testNGAnnotation.CrossBrowserTesting" name="getTest" time="0.895"/>
</testsuite> <!-- com.testNGAnnotation.CrossBrowserTesting -->
