<?xml version="1.0" encoding="UTF-8"?>
<!-- Generated by org.testng.reporters.JUnitReportReporter -->
<testsuite hostname="HomeDesktop2022" failures="0" tests="1" name="luma.usa.myrunnertest.MyRunner" time="19.257" errors="0" timestamp="17 Apr 2023 01:50:45 GMT" skipped="0">
  <testcase classname="luma.usa.myrunnertest.MyRunner" name="runScenario" time="19.257"/>
</testsuite> <!-- luma.usa.myrunnertest.MyRunner -->
