<?xml version="1.0" encoding="UTF-8"?>
<!-- Generated by org.testng.reporters.JUnitReportReporter -->
<testsuite hostname="HomeDesktop2022" failures="0" tests="1" name="luma.usa.myrunnertest.MyRunner" time="20.371" errors="0" timestamp="18 Apr 2023 22:06:55 GMT" skipped="0">
  <testcase classname="luma.usa.myrunnertest.MyRunner" name="runScenario" time="20.371"/>
</testsuite> <!-- luma.usa.myrunnertest.MyRunner -->
